mode: set
github.com/konoui/go-qsort/heapsort.go:5.52,8.2 2 0
github.com/konoui/go-qsort/heapsort.go:11.66,12.14 1 0
github.com/konoui/go-qsort/heapsort.go:16.2,17.37 2 0
github.com/konoui/go-qsort/heapsort.go:36.2,37.14 2 0
github.com/konoui/go-qsort/heapsort.go:12.14,14.3 1 0
github.com/konoui/go-qsort/heapsort.go:17.37,20.37 3 0
github.com/konoui/go-qsort/heapsort.go:20.37,23.46 2 0
github.com/konoui/go-qsort/heapsort.go:28.4,29.34 2 0
github.com/konoui/go-qsort/heapsort.go:32.4,32.20 1 0
github.com/konoui/go-qsort/heapsort.go:23.46,27.5 2 0
github.com/konoui/go-qsort/heapsort.go:29.34,30.10 1 0
github.com/konoui/go-qsort/heapsort.go:37.14,44.37 6 0
github.com/konoui/go-qsort/heapsort.go:56.3,56.7 1 0
github.com/konoui/go-qsort/heapsort.go:44.37,47.46 2 0
github.com/konoui/go-qsort/heapsort.go:52.4,53.21 2 0
github.com/konoui/go-qsort/heapsort.go:47.46,51.5 2 0
github.com/konoui/go-qsort/heapsort.go:56.7,62.37 5 0
github.com/konoui/go-qsort/heapsort.go:67.4,67.21 1 0
github.com/konoui/go-qsort/heapsort.go:62.37,65.10 2 0
github.com/konoui/go-qsort/heapsort.go:72.39,74.2 1 0
github.com/konoui/go-qsort/heapsort.go:76.32,79.2 2 0
github.com/konoui/go-qsort/qsort.go:16.52,18.2 1 1
github.com/konoui/go-qsort/qsort.go:20.46,22.35 2 1
github.com/konoui/go-qsort/qsort.go:26.2,26.33 1 1
github.com/konoui/go-qsort/qsort.go:22.35,25.3 2 1
github.com/konoui/go-qsort/qsort.go:29.83,31.1 2 1
github.com/konoui/go-qsort/qsort.go:32.2,34.21 3 1
github.com/konoui/go-qsort/qsort.go:39.2,41.14 2 1
github.com/konoui/go-qsort/qsort.go:48.2,52.14 4 1
github.com/konoui/go-qsort/qsort.go:55.2,71.6 15 1
github.com/konoui/go-qsort/qsort.go:113.2,119.18 6 1
github.com/konoui/go-qsort/qsort.go:130.2,132.14 3 1
github.com/konoui/go-qsort/qsort.go:34.21,38.3 3 0
github.com/konoui/go-qsort/qsort.go:41.14,46.3 4 1
github.com/konoui/go-qsort/qsort.go:52.14,53.15 1 0
github.com/konoui/go-qsort/qsort.go:71.6,72.16 1 1
github.com/konoui/go-qsort/qsort.go:87.3,87.16 1 1
github.com/konoui/go-qsort/qsort.go:103.3,103.14 1 1
github.com/konoui/go-qsort/qsort.go:107.3,110.7 4 1
github.com/konoui/go-qsort/qsort.go:72.16,74.16 2 1
github.com/konoui/go-qsort/qsort.go:74.16,75.17 1 1
github.com/konoui/go-qsort/qsort.go:81.5,82.9 2 1
github.com/konoui/go-qsort/qsort.go:75.17,80.6 4 1
github.com/konoui/go-qsort/qsort.go:83.10,84.10 1 1
github.com/konoui/go-qsort/qsort.go:87.16,89.16 2 1
github.com/konoui/go-qsort/qsort.go:89.16,90.17 1 1
github.com/konoui/go-qsort/qsort.go:96.5,97.9 2 1
github.com/konoui/go-qsort/qsort.go:90.17,95.6 4 1
github.com/konoui/go-qsort/qsort.go:98.10,99.10 1 1
github.com/konoui/go-qsort/qsort.go:103.14,104.9 1 1
github.com/konoui/go-qsort/qsort.go:119.18,121.37 2 1
github.com/konoui/go-qsort/qsort.go:125.3,126.9 2 1
github.com/konoui/go-qsort/qsort.go:121.37,123.18 2 1
github.com/konoui/go-qsort/qsort.go:132.14,133.13 1 1
github.com/konoui/go-qsort/qsort.go:137.3,137.13 1 1
github.com/konoui/go-qsort/qsort.go:133.13,136.4 2 1
github.com/konoui/go-qsort/qsort.go:137.13,141.13 4 1
github.com/konoui/go-qsort/qsort.go:143.8,144.13 1 1
github.com/konoui/go-qsort/qsort.go:148.3,148.13 1 1
github.com/konoui/go-qsort/qsort.go:144.13,147.4 2 1
github.com/konoui/go-qsort/qsort.go:148.13,151.13 3 1
github.com/konoui/go-qsort/qsort.go:156.28,157.12 1 1
github.com/konoui/go-qsort/qsort.go:160.2,160.10 1 1
github.com/konoui/go-qsort/qsort.go:157.12,159.3 1 1
github.com/konoui/go-qsort/qsort.go:163.52,164.25 1 1
github.com/konoui/go-qsort/qsort.go:164.25,168.3 3 1
github.com/konoui/go-qsort/qsort.go:171.35,173.2 1 1
github.com/konoui/go-qsort/qsort.go:175.23,177.2 1 1
github.com/konoui/go-qsort/qsort.go:179.65,180.29 1 1
github.com/konoui/go-qsort/qsort.go:180.29,181.30 1 1
github.com/konoui/go-qsort/qsort.go:181.30,183.4 1 1
github.com/konoui/go-qsort/qsort.go:183.9,184.31 1 1
github.com/konoui/go-qsort/qsort.go:187.4,187.12 1 1
github.com/konoui/go-qsort/qsort.go:184.31,186.5 1 1
github.com/konoui/go-qsort/qsort.go:189.8,190.30 1 1
github.com/konoui/go-qsort/qsort.go:190.30,192.4 1 1
github.com/konoui/go-qsort/qsort.go:192.9,193.31 1 1
github.com/konoui/go-qsort/qsort.go:193.31,195.5 1 1
github.com/konoui/go-qsort/qsort.go:195.10,197.5 1 1
github.com/konoui/go-qsort/qsort.go:202.21,203.12 1 1
github.com/konoui/go-qsort/qsort.go:207.2,209.6 3 1
github.com/konoui/go-qsort/qsort.go:203.12,205.3 1 0
github.com/konoui/go-qsort/qsort.go:209.6,211.15 2 1
github.com/konoui/go-qsort/qsort.go:214.3,214.8 1 1
github.com/konoui/go-qsort/qsort.go:211.15,213.4 1 1
github.com/konoui/go-qsort/qsort.go:218.89,220.37 2 1
github.com/konoui/go-qsort/qsort.go:230.2,230.13 1 1
github.com/konoui/go-qsort/qsort.go:220.37,221.59 1 1
github.com/konoui/go-qsort/qsort.go:221.59,224.44 3 1
github.com/konoui/go-qsort/qsort.go:224.44,226.5 1 1
