mode: set
github.com/konoui/go-qsort/heapsort.go:3.52,5.2 1 0
github.com/konoui/go-qsort/heapsort.go:8.66,9.14 1 0
github.com/konoui/go-qsort/heapsort.go:13.2,14.37 2 0
github.com/konoui/go-qsort/heapsort.go:33.2,34.14 2 0
github.com/konoui/go-qsort/heapsort.go:9.14,11.3 1 0
github.com/konoui/go-qsort/heapsort.go:14.37,17.37 3 0
github.com/konoui/go-qsort/heapsort.go:17.37,20.46 2 0
github.com/konoui/go-qsort/heapsort.go:25.4,26.34 2 0
github.com/konoui/go-qsort/heapsort.go:29.4,29.20 1 0
github.com/konoui/go-qsort/heapsort.go:20.46,24.5 2 0
github.com/konoui/go-qsort/heapsort.go:26.34,27.10 1 0
github.com/konoui/go-qsort/heapsort.go:34.14,41.37 6 0
github.com/konoui/go-qsort/heapsort.go:53.3,53.7 1 0
github.com/konoui/go-qsort/heapsort.go:41.37,44.46 2 0
github.com/konoui/go-qsort/heapsort.go:49.4,50.21 2 0
github.com/konoui/go-qsort/heapsort.go:44.46,48.5 2 0
github.com/konoui/go-qsort/heapsort.go:53.7,59.37 5 0
github.com/konoui/go-qsort/heapsort.go:64.4,64.21 1 0
github.com/konoui/go-qsort/heapsort.go:59.37,62.10 2 0
github.com/konoui/go-qsort/heapsort.go:69.39,71.2 1 0
github.com/konoui/go-qsort/heapsort.go:73.32,76.2 2 0
github.com/konoui/go-qsort/qsort.go:4.52,6.2 1 1
github.com/konoui/go-qsort/qsort.go:8.83,10.1 2 1
github.com/konoui/go-qsort/qsort.go:11.2,13.21 3 1
github.com/konoui/go-qsort/qsort.go:18.2,20.14 2 1
github.com/konoui/go-qsort/qsort.go:27.2,31.14 4 1
github.com/konoui/go-qsort/qsort.go:38.2,50.6 11 1
github.com/konoui/go-qsort/qsort.go:92.2,98.18 6 1
github.com/konoui/go-qsort/qsort.go:109.2,111.14 3 1
github.com/konoui/go-qsort/qsort.go:13.21,17.3 3 0
github.com/konoui/go-qsort/qsort.go:20.14,25.3 4 1
github.com/konoui/go-qsort/qsort.go:31.14,37.3 5 1
github.com/konoui/go-qsort/qsort.go:50.6,51.16 1 1
github.com/konoui/go-qsort/qsort.go:66.3,66.16 1 1
github.com/konoui/go-qsort/qsort.go:82.3,82.14 1 1
github.com/konoui/go-qsort/qsort.go:86.3,89.7 4 1
github.com/konoui/go-qsort/qsort.go:51.16,53.16 2 1
github.com/konoui/go-qsort/qsort.go:53.16,54.17 1 1
github.com/konoui/go-qsort/qsort.go:60.5,61.9 2 1
github.com/konoui/go-qsort/qsort.go:54.17,59.6 4 1
github.com/konoui/go-qsort/qsort.go:62.10,63.10 1 1
github.com/konoui/go-qsort/qsort.go:66.16,68.16 2 1
github.com/konoui/go-qsort/qsort.go:68.16,69.17 1 1
github.com/konoui/go-qsort/qsort.go:75.5,76.9 2 1
github.com/konoui/go-qsort/qsort.go:69.17,74.6 4 1
github.com/konoui/go-qsort/qsort.go:77.10,78.10 1 1
github.com/konoui/go-qsort/qsort.go:82.14,83.9 1 1
github.com/konoui/go-qsort/qsort.go:98.18,100.37 2 1
github.com/konoui/go-qsort/qsort.go:104.3,105.9 2 1
github.com/konoui/go-qsort/qsort.go:100.37,102.18 2 1
github.com/konoui/go-qsort/qsort.go:111.14,112.13 1 1
github.com/konoui/go-qsort/qsort.go:116.3,116.13 1 1
github.com/konoui/go-qsort/qsort.go:112.13,115.4 2 1
github.com/konoui/go-qsort/qsort.go:116.13,120.13 4 1
github.com/konoui/go-qsort/qsort.go:122.8,123.13 1 1
github.com/konoui/go-qsort/qsort.go:127.3,127.13 1 1
github.com/konoui/go-qsort/qsort.go:123.13,126.4 2 1
github.com/konoui/go-qsort/qsort.go:127.13,130.13 3 1
github.com/konoui/go-qsort/qsort.go:135.28,136.12 1 1
github.com/konoui/go-qsort/qsort.go:139.2,139.10 1 1
github.com/konoui/go-qsort/qsort.go:136.12,138.3 1 1
github.com/konoui/go-qsort/qsort.go:142.52,143.25 1 1
github.com/konoui/go-qsort/qsort.go:143.25,147.3 3 1
github.com/konoui/go-qsort/qsort.go:150.35,152.2 1 1
github.com/konoui/go-qsort/qsort.go:154.23,156.2 1 1
github.com/konoui/go-qsort/qsort.go:158.65,159.29 1 1
github.com/konoui/go-qsort/qsort.go:159.29,160.30 1 1
github.com/konoui/go-qsort/qsort.go:160.30,162.4 1 1
github.com/konoui/go-qsort/qsort.go:162.9,163.31 1 1
github.com/konoui/go-qsort/qsort.go:166.4,166.12 1 1
github.com/konoui/go-qsort/qsort.go:163.31,165.5 1 1
github.com/konoui/go-qsort/qsort.go:168.8,169.30 1 1
github.com/konoui/go-qsort/qsort.go:169.30,171.4 1 1
github.com/konoui/go-qsort/qsort.go:171.9,172.31 1 1
github.com/konoui/go-qsort/qsort.go:172.31,174.5 1 1
github.com/konoui/go-qsort/qsort.go:174.10,176.5 1 1
github.com/konoui/go-qsort/qsort.go:181.21,182.12 1 1
github.com/konoui/go-qsort/qsort.go:186.2,188.6 3 1
github.com/konoui/go-qsort/qsort.go:182.12,184.3 1 0
github.com/konoui/go-qsort/qsort.go:188.6,190.15 2 1
github.com/konoui/go-qsort/qsort.go:193.3,193.8 1 1
github.com/konoui/go-qsort/qsort.go:190.15,192.4 1 1
github.com/konoui/go-qsort/qsort.go:197.89,199.37 2 1
github.com/konoui/go-qsort/qsort.go:209.2,209.13 1 1
github.com/konoui/go-qsort/qsort.go:199.37,200.59 1 1
github.com/konoui/go-qsort/qsort.go:200.59,203.44 3 1
github.com/konoui/go-qsort/qsort.go:203.44,205.5 1 1
github.com/konoui/go-qsort/utils.go:15.42,17.2 1 1
github.com/konoui/go-qsort/utils.go:19.46,21.35 2 1
github.com/konoui/go-qsort/utils.go:25.2,25.33 1 1
github.com/konoui/go-qsort/utils.go:21.35,24.3 2 1
github.com/konoui/go-qsort/utils.go:28.44,30.2 1 1
github.com/konoui/go-qsort/utils.go:32.29,35.2 2 1
